GuardMalloc[GMP.Factorial.Select-85217]: Allocations will be placed on 16 byte boundaries.
GuardMalloc[GMP.Factorial.Select-85217]:  - Some buffer overruns may not be noticed.
GuardMalloc[GMP.Factorial.Select-85217]:  - Applications using vector instructions (e.g., SSE) should work.
GuardMalloc[GMP.Factorial.Select-85217]: version 064511.120.1
GMP.Factorial.Select(85217,0x1000d8dc0) malloc: protecting edges
GMP.Factorial.Select(85217,0x1000d8dc0) malloc: enabling scribbling to detect mods to free blocks
GMP.Factorial.Select
C version: iso9899:201710
Compiler version: 4.2.1 Compatible Apple LLVM 11.0.0 (clang-1100.0.33.17)
GNU C version: 40201
GNU MP Version Number: 6.1.2
GNU multiple precision arithmetic library (GMP): 60102
GNU MP Compiler: clang
GNU MP Compiler flags: -fno-stack-check

Factorials from 1 to 50 {32-bit values}:

......>:           4294967295 <-- UINT32_MAX
     1!:                    1
     2!:                    2
     3!:                    6
     4!:                   24
     5!:                  120
     6!:                  720
     7!:                 5040
     8!:                40320
     9!:               362880
    10!:              3628800
    11!:             39916800
    12!:            479001600
    13!:           1932053504 *- overflow -*
    14!:           1278945280 *- overflow -*
    15!:           2004310016 *- overflow -*
    16!:           2004189184 *- overflow -*
    17!:           -288522240 *- overflow -*
    18!:           -898433024 *- overflow -*
    19!:            109641728 *- overflow -*
    20!:          -2102132736 *- overflow -*
    21!:          -1195114496 *- overflow -*
    22!:           -522715136 *- overflow -*
    23!:            862453760 *- overflow -*
    24!:           -775946240 *- overflow -*
    25!:           2076180480 *- overflow -*
    26!:          -1853882368 *- overflow -*
    27!:           1484783616 *- overflow -*
    28!:          -1375731712 *- overflow -*
    29!:          -1241513984 *- overflow -*
    30!:           1409286144 *- overflow -*
    31!:            738197504 *- overflow -*
    32!:          -2147483648 *- overflow -*
    33!:          -2147483648 *- overflow -*
    34!:                    0 *- overflow -*
    35!:                    0 *- overflow -*
    36!:                    0 *- overflow -*
    37!:                    0 *- overflow -*
    38!:                    0 *- overflow -*
    39!:                    0 *- overflow -*
    40!:                    0 *- overflow -*
    41!:                    0 *- overflow -*
    42!:                    0 *- overflow -*
    43!:                    0 *- overflow -*
    44!:                    0 *- overflow -*
    45!:                    0 *- overflow -*
    46!:                    0 *- overflow -*
    47!:                    0 *- overflow -*
    48!:                    0 *- overflow -*
    49!:                    0 *- overflow -*
    50!:                    0 *- overflow -*

Factorials from 1 to 50 {32-bit values}:

......>:           2147483647 <-- INT32_MAX
     1!:                    1
     2!:                    2
     3!:                    6
     4!:                   24
     5!:                  120
     6!:                  720
     7!:                 5040
     8!:                40320
     9!:               362880
    10!:              3628800
    11!:             39916800
    12!:            479001600
    13!:           1932053504 *- overflow -*
    14!:           1278945280 *- overflow -*
    15!:           2004310016 *- overflow -*
    16!:           2004189184 *- overflow -*
    17!:           4006445056 *- overflow -*
    18!:           3396534272 *- overflow -*
    19!:            109641728 *- overflow -*
    20!:           2192834560 *- overflow -*
    21!:           3099852800 *- overflow -*
    22!:           3772252160 *- overflow -*
    23!:            862453760 *- overflow -*
    24!:           3519021056 *- overflow -*
    25!:           2076180480 *- overflow -*
    26!:           2441084928 *- overflow -*
    27!:           1484783616 *- overflow -*
    28!:           2919235584 *- overflow -*
    29!:           3053453312 *- overflow -*
    30!:           1409286144 *- overflow -*
    31!:            738197504 *- overflow -*
    32!:           2147483648 *- overflow -*
    33!:           2147483648 *- overflow -*
    34!:                    0 *- overflow -*
    35!:                    0 *- overflow -*
    36!:                    0 *- overflow -*
    37!:                    0 *- overflow -*
    38!:                    0 *- overflow -*
    39!:                    0 *- overflow -*
    40!:                    0 *- overflow -*
    41!:                    0 *- overflow -*
    42!:                    0 *- overflow -*
    43!:                    0 *- overflow -*
    44!:                    0 *- overflow -*
    45!:                    0 *- overflow -*
    46!:                    0 *- overflow -*
    47!:                    0 *- overflow -*
    48!:                    0 *- overflow -*
    49!:                    0 *- overflow -*
    50!:                    0 *- overflow -*

Factorials from 1 to 50 {64-bit values}:

......>: 18446744073709551615 <-- UINT64_MAX
     1!:                    1
     2!:                    2
     3!:                    6
     4!:                   24
     5!:                  120
     6!:                  720
     7!:                 5040
     8!:                40320
     9!:               362880
    10!:              3628800
    11!:             39916800
    12!:            479001600
    13!:           6227020800
    14!:          87178291200
    15!:        1307674368000
    16!:       20922789888000
    17!:      355687428096000
    18!:     6402373705728000
    19!:   121645100408832000
    20!:  2432902008176640000
    21!: 14197454024290336768 *- overflow -*
    22!: 17196083355034583040 *- overflow -*
    23!:  8128291617894825984 *- overflow -*
    24!: 10611558092380307456 *- overflow -*
    25!:  7034535277573963776 *- overflow -*
    26!: 16877220553537093632 *- overflow -*
    27!: 12963097176472289280 *- overflow -*
    28!: 12478583540742619136 *- overflow -*
    29!: 11390785281054474240 *- overflow -*
    30!:  9682165104862298112 *- overflow -*
    31!:  4999213071378415616 *- overflow -*
    32!: 12400865694432886784 *- overflow -*
    33!:  3400198294675128320 *- overflow -*
    34!:  4926277576697053184 *- overflow -*
    35!:  6399018521010896896 *- overflow -*
    36!:  9003737871877668864 *- overflow -*
    37!:  1096907932701818880 *- overflow -*
    38!:  4789013295250014208 *- overflow -*
    39!:  2304077777655037952 *- overflow -*
    40!: 18376134811363311616 *- overflow -*
    41!: 15551764317513711616 *- overflow -*
    42!:  7538058755741581312 *- overflow -*
    43!: 10541877243825618944 *- overflow -*
    44!:  2673996885588443136 *- overflow -*
    45!:  9649395409222631424 *- overflow -*
    46!:  1150331055211806720 *- overflow -*
    47!: 17172071447535812608 *- overflow -*
    48!: 12602690238498734080 *- overflow -*
    49!:  8789267254022766592 *- overflow -*
    50!: 15188249005818642432 *- overflow -*

Factorials from 1 to 50 {64-bit values}:

......>:  9223372036854775807 <-- INT64_MAX
     1!:                    1
     2!:                    2
     3!:                    6
     4!:                   24
     5!:                  120
     6!:                  720
     7!:                 5040
     8!:                40320
     9!:               362880
    10!:              3628800
    11!:             39916800
    12!:            479001600
    13!:           6227020800
    14!:          87178291200
    15!:        1307674368000
    16!:       20922789888000
    17!:      355687428096000
    18!:     6402373705728000
    19!:   121645100408832000
    20!:  2432902008176640000
    21!: -4249290049419214848 *- overflow -*
    22!: -1250660718674968576 *- overflow -*
    23!:  8128291617894825984 *- overflow -*
    24!: -7835185981329244160 *- overflow -*
    25!:  7034535277573963776 *- overflow -*
    26!: -1569523520172457984 *- overflow -*
    27!: -5483646897237262336 *- overflow -*
    28!: -5968160532966932480 *- overflow -*
    29!: -7055958792655077376 *- overflow -*
    30!: -8764578968847253504 *- overflow -*
    31!:  4999213071378415616 *- overflow -*
    32!: -6045878379276664832 *- overflow -*
    33!:  3400198294675128320 *- overflow -*
    34!:  4926277576697053184 *- overflow -*
    35!:  6399018521010896896 *- overflow -*
    36!:  9003737871877668864 *- overflow -*
    37!:  1096907932701818880 *- overflow -*
    38!:  4789013295250014208 *- overflow -*
    39!:  2304077777655037952 *- overflow -*
    40!:   -70609262346240000 *- overflow -*
    41!: -2894979756195840000 *- overflow -*
    42!:  7538058755741581312 *- overflow -*
    43!: -7904866829883932672 *- overflow -*
    44!:  2673996885588443136 *- overflow -*
    45!: -8797348664486920192 *- overflow -*
    46!:  1150331055211806720 *- overflow -*
    47!: -1274672626173739008 *- overflow -*
    48!: -5844053835210817536 *- overflow -*
    49!:  8789267254022766592 *- overflow -*
    50!: -3258495067890909184 *- overflow -*

Factorials from 1 to 50 {multiple precision aritmatic}:

......>:           2147483647 <-- INT32_MAX
......>:           4294967295 <-- UINT32_MAX
......>:  9223372036854775807 <-- INT64_MAX
......>: 18446744073709551615 <-- UINT64_MAX
     1!:                    1
     2!:                    2
     3!:                    6
     4!:                   24
     5!:                  120
     6!:                  720
     7!:                 5040
     8!:                40320
     9!:               362880
    10!:              3628800
    11!:             39916800
    12!:            479001600
    13!:           6227020800
    14!:          87178291200
    15!:        1307674368000
    16!:       20922789888000
    17!:      355687428096000
    18!:     6402373705728000
    19!:   121645100408832000
    20!:  2432902008176640000
    21!: 51090942171709440000
    22!: 1124000727777607680000
    23!: 25852016738884976640000
    24!: 620448401733239439360000
    25!: 15511210043330985984000000
    26!: 403291461126605635584000000
    27!: 10888869450418352160768000000
    28!: 304888344611713860501504000000
    29!: 8841761993739701954543616000000
    30!: 265252859812191058636308480000000
    31!: 8222838654177922817725562880000000
    32!: 263130836933693530167218012160000000
    33!: 8683317618811886495518194401280000000
    34!: 295232799039604140847618609643520000000
    35!: 10333147966386144929666651337523200000000
    36!: 371993326789901217467999448150835200000000
    37!: 13763753091226345046315979581580902400000000
    38!: 523022617466601111760007224100074291200000000
    39!: 20397882081197443358640281739902897356800000000
    40!: 815915283247897734345611269596115894272000000000
    41!: 33452526613163807108170062053440751665152000000000
    42!: 1405006117752879898543142606244511569936384000000000
    43!: 60415263063373835637355132068513997507264512000000000
    44!: 2658271574788448768043625811014615890319638528000000000
    45!: 119622220865480194561963161495657715064383733760000000000
    46!: 5502622159812088949850305428800254892961651752960000000000
    47!: 258623241511168180642964355153611979969197632389120000000000
    48!: 12413915592536072670862289047373375038521486354677760000000000
    49!: 608281864034267560872252163321295376887552831379210240000000000
    50!: 30414093201713378043612608166064768844377641568960512000000000000

Factorials from 1 to 50 {multiple precision aritmatic}:

......>:           2147483647 <-- INT32_MAX
......>:           4294967295 <-- UINT32_MAX
......>:  9223372036854775807 <-- INT64_MAX
......>: 18446744073709551615 <-- UINT64_MAX
     1!:                    1
     2!:                    2
     3!:                    6
     4!:                   24
     5!:                  120
     6!:                  720
     7!:                 5040
     8!:                40320
     9!:               362880
    10!:              3628800
    11!:             39916800
    12!:            479001600
    13!:           6227020800
    14!:          87178291200
    15!:        1307674368000
    16!:       20922789888000
    17!:      355687428096000
    18!:     6402373705728000
    19!:   121645100408832000
    20!:  2432902008176640000
    21!: 51090942171709440000
    22!: 1124000727777607680000
    23!: 25852016738884976640000
    24!: 620448401733239439360000
    25!: 15511210043330985984000000
    26!: 403291461126605635584000000
    27!: 10888869450418352160768000000
    28!: 304888344611713860501504000000
    29!: 8841761993739701954543616000000
    30!: 265252859812191058636308480000000
    31!: 8222838654177922817725562880000000
    32!: 263130836933693530167218012160000000
    33!: 8683317618811886495518194401280000000
    34!: 295232799039604140847618609643520000000
    35!: 10333147966386144929666651337523200000000
    36!: 371993326789901217467999448150835200000000
    37!: 13763753091226345046315979581580902400000000
    38!: 523022617466601111760007224100074291200000000
    39!: 20397882081197443358640281739902897356800000000
    40!: 815915283247897734345611269596115894272000000000
    41!: 33452526613163807108170062053440751665152000000000
    42!: 1405006117752879898543142606244511569936384000000000
    43!: 60415263063373835637355132068513997507264512000000000
    44!: 2658271574788448768043625811014615890319638528000000000
    45!: 119622220865480194561963161495657715064383733760000000000
    46!: 5502622159812088949850305428800254892961651752960000000000
    47!: 258623241511168180642964355153611979969197632389120000000000
    48!: 12413915592536072670862289047373375038521486354677760000000000
    49!: 608281864034267560872252163321295376887552831379210240000000000
    50!: 30414093201713378043612608166064768844377641568960512000000000000

Factorials from 1 to 50 {64-bit values}:

......>: 18446744073709551615 <-- UINT64_MAX
     1!:                    1
     2!:                    2
     3!:                    6
     4!:                   24
     5!:                  120
     6!:                  720
     7!:                 5040
     8!:                40320
     9!:               362880
    10!:              3628800
    11!:             39916800
    12!:            479001600
    13!:           6227020800
    14!:          87178291200
    15!:        1307674368000
    16!:       20922789888000
    17!:      355687428096000
    18!:     6402373705728000
    19!:   121645100408832000
    20!:  2432902008176640000
    21!:                    0 *- overflow -*
    22!:                    0 *- overflow -*
    23!:                    0 *- overflow -*
    24!:                    0 *- overflow -*
    25!:                    0 *- overflow -*
    26!:                    0 *- overflow -*
    27!:                    0 *- overflow -*
    28!:                    0 *- overflow -*
    29!:                    0 *- overflow -*
    30!:                    0 *- overflow -*
    31!:                    0 *- overflow -*
    32!:                    0 *- overflow -*
    33!:                    0 *- overflow -*
    34!:                    0 *- overflow -*
    35!:                    0 *- overflow -*
    36!:                    0 *- overflow -*
    37!:                    0 *- overflow -*
    38!:                    0 *- overflow -*
    39!:                    0 *- overflow -*
    40!:                    0 *- overflow -*
    41!:                    0 *- overflow -*
    42!:                    0 *- overflow -*
    43!:                    0 *- overflow -*
    44!:                    0 *- overflow -*
    45!:                    0 *- overflow -*
    46!:                    0 *- overflow -*
    47!:                    0 *- overflow -*
    48!:                    0 *- overflow -*
    49!:                    0 *- overflow -*
    50!:                    0 *- overflow -*

Program ended with exit code: 0
